<?xml version="1.0" encoding="UTF-8"?>
<!-- Generated by org.testng.reporters.JUnitReportReporter -->
<testsuite hostname="DESKTOP-A31N17G" failures="0" tests="1" name="SeleniumPractice.SeleniumPractice.Workingwithelements" time="16.474" errors="0" timestamp="2020-07-28T16:16:49 IST" skipped="0">
  <testcase classname="SeleniumPractice.SeleniumPractice.Workingwithelements" name="fn_select_Seselct_checkcox" time="16.474"/>
  <system-out/>
</testsuite> <!-- SeleniumPractice.SeleniumPractice.Workingwithelements -->
